📚 Processing 149 pages
[2/149] page-002 (section=None) …
  ✅ 0 figure(s)
[3/149] page-003 (section=B.1) …
  ✅ 0 figure(s)
[4/149] page-004 (section=None) …
  ✂️  unknown: page-004-unknown-1.png (780×757px)
  ✅ 1 figure(s)
[5/149] page-005 (section=B.1) …
  ✂️  Fig. B.2: page-005-fig__b_2-1.png (639×558px)
  ✅ 1 figure(s)
[6/149] page-006 (section=None) …
  ✅ 0 figure(s)
[7/149] page-007 (section=B.1) …
  ✂️  Fig. B.3: page-007-fig__b_3-1.png (1194×703px)
  ✅ 1 figure(s)
[8/149] page-008 (section=None) …
  ✅ 0 figure(s)
[9/149] page-009 (section=B.1) …
  ✂️  unknown: page-009-unknown-1.png (974×999px)
  ✅ 1 figure(s)
[10/149] page-010 (section=None) …
  ✅ 0 figure(s)
[11/149] page-011 (section=B.1) …
  ✂️  Fig. B.5: page-011-fig__b_5-1.png (984×1404px)
  ✅ 1 figure(s)
[12/149] page-012 (section=None) …
  ✅ 0 figure(s)
[13/149] page-013 (section=B.1) …
  ✅ 0 figure(s)
[14/149] page-014 (section=None) …
  ✅ 0 figure(s)
[15/149] page-015 (section=B.1) …
  ✅ 0 figure(s)
[16/149] page-016 (section=B.2) …
  ✅ 0 figure(s)
[17/149] page-017 (section=B.2) …
  ✂️  Fig. B.6: page-017-fig__b_6-1.png (1216×1515px)
  ✅ 1 figure(s)
[18/149] page-018 (section=B.2) …
  ✂️  unknown: page-018-unknown-1.png (537×495px)
  ✅ 1 figure(s)
[19/149] page-019 (section=B.2) …
  ✂️  Fig. B.8: page-019-fig__b_8-1.png (913×640px)
  ✅ 1 figure(s)
[20/149] page-020 (section=B.3) …
  ✅ 0 figure(s)
[21/149] page-021 (section=B.3) …
  ✂️  Fig. B.10: page-021-fig__b_10-1.png (1119×1091px)
  ✅ 1 figure(s)
[22/149] page-022 (section=B.3) …
  ✅ 0 figure(s)
[23/149] page-023 (section=B.4) …
  ✂️  Fig. B.11: page-023-fig__b_11-1.png (1002×1443px)
  ✅ 1 figure(s)
[24/149] page-024 (section=None) …
  ✅ 0 figure(s)
[25/149] page-025 (section=B.5) …
  ✅ 0 figure(s)
[26/149] page-026 (section=B.5) …
  ✅ 0 figure(s)
[27/149] page-027 (section=B.5) …
  ✂️  unknown: page-027-unknown-1.png (1532×548px)
  ✅ 1 figure(s)
[28/149] page-028 (section=None) …
  ✅ 0 figure(s)
[29/149] page-029 (section=B.5) …
  ✅ 0 figure(s)
[30/149] page-030 (section=None) …
  ✅ 0 figure(s)
[31/149] page-031 (section=B.5) …
  ✅ 0 figure(s)
[32/149] page-032 (section=B.5) …
  ✅ 0 figure(s)
[33/149] page-033 (section=B.5) …
  ✅ 0 figure(s)
[34/149] page-034 (section=B.5) …
  ✅ 0 figure(s)
[35/149] page-035 (section=B.5) …
  ✅ 0 figure(s)
[36/149] page-036 (section=B.6) …
  ✅ 0 figure(s)
[37/149] page-037 (section=B.6) …
  ✅ 0 figure(s)
[38/149] page-038 (section=B.6) …
  ✅ 0 figure(s)
[39/149] page-039 (section=B.6) …
  ✅ 0 figure(s)
[40/149] page-040 (section=None) …
  ✅ 0 figure(s)
[41/149] page-041 (section=B.6) …
  ✂️  EXAMPLE B.12: page-041-example_b_12-1.png (1524×648px)
  ✅ 1 figure(s)
[42/149] page-042 (section=B.7) …
  ✅ 0 figure(s)
[43/149] page-043 (section=B.7) …
  ✅ 0 figure(s)
[44/149] page-044 (section=None) …
  ✅ 0 figure(s)
[45/149] page-045 (section=B.7) …
  ✅ 0 figure(s)
[46/149] page-046 (section=B.7) …
  ✅ 0 figure(s)
[47/149] page-047 (section=B.7) …
  ✅ 0 figure(s)
[48/149] page-048 (section=B.7) …
  ✅ 0 figure(s)
[49/149] page-049 (section=B.7) …
  ✂️  Fig. B.14: page-049-fig__b_14-1.png (886×772px)
  ✅ 1 figure(s)
[50/149] page-050 (section=None) …
  ✅ 0 figure(s)
[51/149] page-051 (section=B.7) …
  ✅ 0 figure(s)
[52/149] page-052 (section=None) …
  ✅ 0 figure(s)
[53/149] page-053 (section=B.7) …
  ✅ 0 figure(s)
[54/149] page-054 (section=B.8) …
  ✅ 0 figure(s)
[55/149] page-055 (section=B.8) …
  ✅ 0 figure(s)
[56/149] page-056 (section=B.8) …
  ✅ 0 figure(s)
[57/149] page-057 (section=B.8) …
  ✅ 0 figure(s)
[58/149] page-058 (section=B.8) …
  ✅ 0 figure(s)
[59/149] page-059 (section=B.1) …
  ✅ 0 figure(s)
[60/149] page-060 (section=B.1) …
  ✂️  Fig. PB.1-13: page-060-fig__pb_1-13-1.png (671×746px)
  ✅ 1 figure(s)
[61/149] page-061 (section=None) …
  ✅ 0 figure(s)
[62/149] page-062 (section=B.5) …
  ✅ 0 figure(s)
[63/149] page-063 (section=B.7) …
  ✅ 0 figure(s)
[65/149] page-065 (section=1.1) …
  ✅ 0 figure(s)
[66/149] page-066 (section=1.1) …
  ✂️  Figure 1.1: page-066-figure_1_1-1.png (1306×845px)
  ✅ 1 figure(s)
[67/149] page-067 (section=1.1) …
  ✂️  Fig. 1.2: page-067-fig__1_2-1.png (1116×873px)
  ✅ 1 figure(s)
[68/149] page-068 (section=1.2) …
  ✅ 0 figure(s)
[69/149] page-069 (section=1.1) …
  ✅ 0 figure(s)
[70/149] page-070 (section=1.1) …
  ✂️  Fig. 1.3: page-070-fig__1_3-1.png (1402×1481px)
  ✅ 1 figure(s)
[71/149] page-071 (section=1.2) …
  ✂️  unknown: page-071-unknown-1.png (777×974px)
  ✅ 1 figure(s)
[72/149] page-072 (section=1.3) …
  ✂️  Fig. 1.5: page-072-fig__1_5-1.png (1170×1123px)
  ✅ 1 figure(s)
[73/149] page-073 (section=1.2) …
  ✅ 0 figure(s)
[74/149] page-074 (section=1.2) …
  ✂️  unknown: page-074-unknown-1.png (861×902px)
  ✅ 1 figure(s)
[75/149] page-075 (section=1.2) …
  ✂️  unknown: page-075-unknown-1.png (911×1202px)
  ✅ 1 figure(s)
[76/149] page-076 (section=1.2) …
  ✂️  unknown: page-076-unknown-1.png (769×833px)
  ✅ 1 figure(s)
[77/149] page-077 (section=1.2) …
  ✂️  Fig. 1.9: page-077-fig__1_9-1.png (822×602px)
  ✅ 1 figure(s)
[79/149] page-079 (section=1.3) …
  ✂️  Fig. 1.10: page-079-fig__1_10-1.png (1336×1173px)
  ✅ 1 figure(s)
[80/149] page-080 (section=1.3) …
  ✂️  Fig. 1.11: page-080-fig__1_11-1.png (1316×1456px)
  ✅ 1 figure(s)
[81/149] page-081 (section=1.3) …
  ✂️  Figure 1.13: page-081-figure_1_13-1.png (1144×675px)
  ✅ 1 figure(s)
[82/149] page-082 (section=1.4) …
  ✅ 0 figure(s)
[83/149] page-083 (section=1.4) …
  ✂️  Fig. 1.15: page-083-fig__1_15-1.png (1131×1066px)
  ✅ 1 figure(s)
[84/149] page-084 (section=1.4) …
  ✂️  Fig. 1.16: page-084-fig__1_16-1.png (988×1078px)
  ✅ 1 figure(s)
[85/149] page-085 (section=1.4) …
  ✂️  Fig. 1.17: page-085-fig__1_17-1.png (1163×607px)
  ✅ 1 figure(s)
[86/149] page-086 (section=1.4) …
  ✂️  unknown: page-086-unknown-1.png (695×485px)
  ✂️  unknown: page-086-unknown-2.png (918×491px)
  ✅ 2 figure(s)
[87/149] page-087 (section=1.4) …
  ✂️  Figure 1.20: page-087-figure_1_20-1.png (1250×600px)
  ✅ 1 figure(s)
[88/149] page-088 (section=1.4) …
  ✅ 0 figure(s)
[89/149] page-089 (section=1.4) …
  ✅ 0 figure(s)
[90/149] page-090 (section=1.5) …
  ✂️  Figure 1.21: page-090-figure_1_21-1.png (1161×954px)
  ✅ 1 figure(s)
[91/149] page-091 (section=1.4) …
  ✂️  Figure 1.22: page-091-figure_1_22-1.png (931×987px)
  ✅ 1 figure(s)
[92/149] page-092 (section=1.5) …
  ✂️  unknown: page-092-unknown-1.png (678×807px)
  ✅ 1 figure(s)
[93/149] page-093 (section=1.5) …
  ✅ 0 figure(s)
[94/149] page-094 (section=1.4) …
  ✂️  Figure 1.24: page-094-figure_1_24-1.png (1118×1081px)
  ✅ 1 figure(s)
[95/149] page-095 (section=1.6) …
  ✂️  unknown: page-095-unknown-1.png (456×472px)
  ✅ 1 figure(s)
[96/149] page-096 (section=1.6) …
  ✂️  unknown: page-096-unknown-1.png (844×596px)
  ✅ 1 figure(s)
[97/149] page-097 (section=1.7) …
  ✅ 0 figure(s)
[98/149] page-098 (section=1.5) …
  ✅ 0 figure(s)
[99/149] page-099 (section=1.7) …
  ✅ 0 figure(s)
[100/149] page-100 (section=1.5) …
  ✂️  unknown: page-100-unknown-1.png (1533×581px)
  ✅ 1 figure(s)
[101/149] page-101 (section=1.7) …
  ✂️  Figure 1.27: page-101-figure_1_27-1.png (1076×615px)
  ✅ 1 figure(s)
[102/149] page-102 (section=1.7) …
  ✂️  Fig. 1.28: page-102-fig__1_28-1.png (1162×1408px)
  ✅ 1 figure(s)
[103/149] page-103 (section=1.7) …
  ✅ 0 figure(s)
[104/149] page-104 (section=1.7) …
  ✅ 0 figure(s)
[105/149] page-105 (section=1.7) …
  ✂️  Figure 1.30: page-105-figure_1_30-1.png (1057×897px)
  ✂️  EXAMPLE 1.13: page-105-example_1_13-2.png (1532×667px)
  ✅ 2 figure(s)
[106/149] page-106 (section=1.5) …
  ✅ 0 figure(s)
[107/149] page-107 (section=1.7) …
  ✅ 0 figure(s)
[108/149] page-108 (section=1.7) …
  ✂️  Figure 1.32: page-108-figure_1_32-1.png (1363×1080px)
  ✅ 1 figure(s)
[109/149] page-109 (section=1.7) …
  ✅ 0 figure(s)
[110/149] page-110 (section=1.7) …
  ✂️  unknown: page-110-unknown-1.png (1533×692px)
  ✅ 1 figure(s)
[111/149] page-111 (section=1.8) …
  ✂️  unknown: page-111-unknown-1.png (796×697px)
  ✅ 1 figure(s)
[112/149] page-112 (section=1.7) …
  ✅ 0 figure(s)
[113/149] page-113 (section=1.8) …
  ✂️  unknown: page-113-unknown-1.png (638×664px)
  ✅ 1 figure(s)
[114/149] page-114 (section=1.8) …
  ✂️  unknown: page-114-unknown-1.png (1533×1177px)
  ✅ 1 figure(s)
[115/149] page-115 (section=1.8) …
  ✂️  Fig. 1.36: page-115-fig__1_36-1.png (1165×565px)
  ✂️  Fig. 1.37: page-115-fig__1_37-2.png (1236×922px)
  ✅ 2 figure(s)
[116/149] page-116 (section=1.7) …
  ✂️  unknown: page-116-unknown-1.png (1533×601px)
  ✅ 1 figure(s)
[117/149] page-117 (section=1.8) …
  ✂️  Figure 1.38: page-117-figure_1_38-1.png (1155×787px)
  ✅ 1 figure(s)
[118/149] page-118 (section=1.8) …
  ✂️  Figure 1.39: page-118-figure_1_39-1.png (1223×644px)
  ✅ 1 figure(s)
[119/149] page-119 (section=1.9) …
  ✂️  Figure 1.40: page-119-figure_1_40-1.png (1163×543px)
  ✅ 1 figure(s)
[120/149] page-120 (section=1.8) …
  ✂️  Fig. 1.41: page-120-fig__1_41-1.png (1218×906px)
  ✅ 1 figure(s)
[121/149] page-121 (section=1.10) …
  ✂️  Figure 1.42: page-121-figure_1_42-1.png (1223×613px)
  ✅ 1 figure(s)
[122/149] page-122 (section=1.8) …
  ✂️  Fig. 1.43: page-122-fig__1_43-1.png (954×648px)
  ✅ 1 figure(s)
[123/149] page-123 (section=1.10) …
  ✂️  unknown: page-123-unknown-1.png (1532×648px)
  ✅ 1 figure(s)
[124/149] page-124 (section=1.9) …
  ✂️  Figure 1.44: page-124-figure_1_44-1.png (1267×900px)
  ✅ 1 figure(s)
[125/149] page-125 (section=1.10) …
  ✂️  unknown: page-125-unknown-1.png (690×595px)
  ✅ 1 figure(s)
[126/149] page-126 (section=1.11) …
  ✅ 0 figure(s)
[127/149] page-127 (section=1.11) …
  ✂️  Figure 1.46 and Figure 1.47: page-127-figure_1_46_and_figure_1_47-1.png (900×1108px)
  ✅ 1 figure(s)
[128/149] page-128 (section=1.11) …
  ✅ 0 figure(s)
[129/149] page-129 (section=1.11) …
  ✅ 0 figure(s)
[130/149] page-130 (section=1.11) …
  ✂️  Fig. 1.51: page-130-fig__1_51-1.png (886×587px)
  ✅ 1 figure(s)
[131/149] page-131 (section=1.11) …
  ✂️  Figure 1.53: page-131-figure_1_53-1.png (886×1109px)
  ✅ 1 figure(s)
[132/149] page-132 (section=1.7) …
  ✅ 0 figure(s)
[133/149] page-133 (section=1.12) …
  ✅ 0 figure(s)
[134/149] page-134 (section=None) …
  ✅ 0 figure(s)
[135/149] page-135 (section=1.12) …
  ✅ 0 figure(s)
[136/149] page-136 (section=1.1) …
  ✂️  Fig. P1.1-2: page-136-fig__p1_1-2-1.png (1245×1342px)
  ✅ 1 figure(s)
[137/149] page-137 (section=1.1) …
  ✂️  Figure P1.1-4: page-137-figure_p1_1-4-1.png (1312×1268px)
  ✅ 1 figure(s)
[138/149] page-138 (section=1.1) …
  ✂️  Figure P1.1-7: page-138-figure_p1_1-7-1.png (1070×476px)
  ✂️  Figure P1.1-10: page-138-figure_p1_1-10-2.png (653×734px)
  ✅ 2 figure(s)
[139/149] page-139 (section=1.2) …
  ✂️  Figure P1.2-3: page-139-figure_p1_2-3-1.png (1192×1632px)
  ✅ 1 figure(s)
[140/149] page-140 (section=1.3) …
  ✂️  Figure P1.2-7: page-140-figure_p1_2-7-1.png (1252×541px)
  ✅ 1 figure(s)
[141/149] page-141 (section=1.4) …
  ✂️  Figure P1.4-2: page-141-figure_p1_4-2-1.png (1341×847px)
  ✅ 1 figure(s)
[142/149] page-142 (section=1.4) …
  ✂️  unknown: page-142-unknown-1.png (1365×590px)
  ✅ 1 figure(s)
[143/149] page-143 (section=1.5) …
  ✂️  Fig. P1.5-8: page-143-fig__p1_5-8-1.png (791×475px)
  ✅ 1 figure(s)
[144/149] page-144 (section=1.7) …
  ✂️  Fig. P1.6-2: page-144-fig__p1_6-2-1.png (652×543px)
  ✅ 1 figure(s)
[145/149] page-145 (section=1.7) …
  ✅ 0 figure(s)
[146/149] page-146 (section=1.7) …
  ✂️  Fig. P1.7-13: page-146-fig__p1_7-13-1.png (1080×726px)
  ✂️  unknown: page-146-unknown-2.png (894×563px)
  ✅ 2 figure(s)
[147/149] page-147 (section=1.8) …
  ✂️  Fig. P1.8-2: page-147-fig__p1_8-2-1.png (778×960px)
  ✅ 1 figure(s)
[148/149] page-148 (section=1.8) …
  ✂️  Figure P1.8-4: page-148-figure_p1_8-4-1.png (1110×1695px)
  ✅ 1 figure(s)
[149/149] page-149 (section=1.11) …
  ✂️  unknown: page-149-unknown-1.png (646×493px)
  ✅ 1 figure(s)

=======================================================
Done! processed=146  skipped=3  errors=0
Figures in: /Users/chenghaoxiang/.openclaw/workspace/tutor-materials/new-book-figures
